<?xml version="1.0" encoding="UTF-8"?>
<!-- Generated by org.testng.reporters.JUnitReportReporter -->
<testsuite hostname="LAPTOP-84AOTKRB" failures="0" tests="1" name="tugas4.SauceDemo" time="0.565" errors="0" timestamp="28 Jul 2022 09:59:16 GMT" skipped="0">
  <testcase classname="tugas4.SauceDemo" name="checkoutTest" time="0.565"/>
</testsuite> <!-- tugas4.SauceDemo -->
