<?xml version="1.0" encoding="UTF-8"?>
<!-- Generated by org.testng.reporters.JUnitReportReporter -->
<testsuite hostname="LAPTOP-84AOTKRB" failures="0" tests="1" name="tugas4Text.SauceDemo" time="0.534" errors="0" timestamp="28 Jul 2022 04:51:08 GMT" skipped="0">
  <testcase classname="tugas4Text.SauceDemo" name="testCheckOut" time="0.534"/>
</testsuite> <!-- tugas4Text.SauceDemo -->
