<?xml version="1.0" encoding="UTF-8"?>
<!-- Generated by org.testng.reporters.JUnitReportReporter -->
<testsuite hostname="LAPTOP-84AOTKRB" failures="0" tests="1" name="tugas5.test.APITest" time="2.461" errors="0" timestamp="28 Jul 2022 08:08:07 GMT" skipped="0">
  <testcase classname="tugas5.test.APITest" name="signUP" time="2.461"/>
</testsuite> <!-- tugas5.test.APITest -->
