<?xml version="1.0" encoding="UTF-8"?>
<!-- Generated by org.testng.reporters.JUnitReportReporter -->
<testsuite hostname="LAPTOP-84AOTKRB" failures="0" tests="1" name="tugas3.YopMailTest" time="6.560" errors="0" timestamp="29 Jul 2022 15:01:25 GMT" skipped="0">
  <testcase classname="tugas3.YopMailTest" name="findMailTest" time="6.560"/>
</testsuite> <!-- tugas3.YopMailTest -->
