<?xml version="1.0" encoding="UTF-8"?>
<!-- Generated by org.testng.reporters.JUnitReportReporter -->
<testsuite hostname="LAPTOP-84AOTKRB" failures="0" tests="1" name="Tugas3.YopMailTest" time="0.000" errors="0" timestamp="27 Jul 2022 04:46:34 GMT" skipped="1">
  <testcase classname="Tugas3.YopMailTest" name="inputEmail" time="0.000">
    <skipped/>
  </testcase> <!-- inputEmail -->
</testsuite> <!-- Tugas3.YopMailTest -->
